<?xml version="1.0" encoding="UTF-8"?>
<!-- Generated by org.testng.reporters.JUnitReportReporter -->
<testsuite skipped="0" hostname="Syntaxs-MBP.fios-router.home" name="com.hrms.testcases.AddEmployeeTest" tests="1" failures="0" timestamp="2021-01-13T21:04:44 EST" time="5.761" errors="0">
  <testcase name="addEmployee" time="5.761" classname="com.hrms.testcases.AddEmployeeTest"/>
  <system-out/>
</testsuite> <!-- com.hrms.testcases.AddEmployeeTest -->
