<?xml version="1.0" encoding="UTF-8"?>
<!-- Generated by org.testng.reporters.JUnitReportReporter -->
<testsuite skipped="0" hostname="Syntaxs-MBP.fios-router.home" name="com.hrms.testcases.LoginTest" tests="1" failures="0" timestamp="2021-01-13T21:04:44 EST" time="3.537" errors="0">
  <testcase name="adminLogin" time="3.537" classname="com.hrms.testcases.LoginTest"/>
  <system-out/>
</testsuite> <!-- com.hrms.testcases.LoginTest -->
